<?xml version="1.0" encoding="UTF-8"?>
<!-- Generated by org.testng.reporters.JUnitReportReporter -->
<testsuite hostname="TXCHD-LAP-265" failures="0" tests="4" name="api.tests.UserTests" time="8.463" errors="0" timestamp="2025-01-02T19:05:48 IST" skipped="0">
  <testcase classname="api.tests.UserTests" name="testPostUser" time="2.639"/>
  <testcase classname="api.tests.UserTests" name="testGetUserByName" time="1.406"/>
  <testcase classname="api.tests.UserTests" name="testUpdateUserByName" time="2.985"/>
  <testcase classname="api.tests.UserTests" name="testDeleteUserByName" time="1.433"/>
</testsuite> <!-- api.tests.UserTests -->
