<?xml version="1.0" encoding="UTF-8"?>
<!-- Generated by org.testng.reporters.JUnitReportReporter -->
<testsuite hostname="TXCHD-LAP-265" failures="0" tests="9" name="api.tests.DDTests" time="15.234" errors="0" timestamp="2025-01-02T17:50:56 IST" skipped="0">
  <testcase classname="api.tests.DDTests" name="testPostUser" time="3.029"/>
  <testcase classname="api.tests.DDTests" name="testPostUser" time="1.633"/>
  <testcase classname="api.tests.DDTests" name="testPostUser" time="1.697"/>
  <testcase classname="api.tests.DDTests" name="testGetUserByName" time="1.569"/>
  <testcase classname="api.tests.DDTests" name="testGetUserByName" time="1.536"/>
  <testcase classname="api.tests.DDTests" name="testGetUserByName" time="1.380"/>
  <testcase classname="api.tests.DDTests" name="testDeleteUserByName" time="1.551"/>
  <testcase classname="api.tests.DDTests" name="testDeleteUserByName" time="1.426"/>
  <testcase classname="api.tests.DDTests" name="testDeleteUserByName" time="1.413"/>
</testsuite> <!-- api.tests.DDTests -->
