<?xml version="1.0" encoding="UTF-8"?>
<!-- Generated by org.testng.reporters.JUnitReportReporter -->
<testsuite hostname="TXCHD-LAP-265" failures="0" tests="4" name="api.tests.UserTests2" time="9.998" errors="0" timestamp="2025-01-03T13:04:12 IST" skipped="0">
  <testcase classname="api.tests.UserTests2" name="testPostUser" time="3.222"/>
  <testcase classname="api.tests.UserTests2" name="testGetUserByName" time="1.669"/>
  <testcase classname="api.tests.UserTests2" name="testUpdateUserByName" time="3.369"/>
  <testcase classname="api.tests.UserTests2" name="testDeleteUserByName" time="1.738"/>
</testsuite> <!-- api.tests.UserTests2 -->
