<?xml version="1.0" encoding="UTF-8"?>
<!-- Generated by org.testng.reporters.JUnitReportReporter -->
<testsuite hostname="TXCHD-LAP-265" failures="0" tests="4" name="api.tests.UserTests2" time="7.588" errors="0" timestamp="2025-01-03T15:26:44 IST" skipped="0">
  <testcase classname="api.tests.UserTests2" name="testPostUser" time="2.617"/>
  <testcase classname="api.tests.UserTests2" name="testGetUserByName" time="1.254"/>
  <testcase classname="api.tests.UserTests2" name="testUpdateUserByName" time="2.438"/>
  <testcase classname="api.tests.UserTests2" name="testDeleteUserByName" time="1.279"/>
</testsuite> <!-- api.tests.UserTests2 -->
