<?xml version="1.0" encoding="UTF-8"?>
<!-- Generated by org.testng.reporters.JUnitReportReporter -->
<testsuite hostname="TXCHD-LAP-265" failures="0" tests="4" name="api.tests.UserTests" time="10.397" errors="0" timestamp="2025-01-03T13:05:21 IST" skipped="0">
  <testcase classname="api.tests.UserTests" name="testPostUser" time="3.206"/>
  <testcase classname="api.tests.UserTests" name="testGetUserByName" time="1.874"/>
  <testcase classname="api.tests.UserTests" name="testUpdateUserByName" time="3.579"/>
  <testcase classname="api.tests.UserTests" name="testDeleteUserByName" time="1.738"/>
</testsuite> <!-- api.tests.UserTests -->
